<?xml version="1.0" encoding="UTF-8"?>
<!-- Generated by org.testng.reporters.JUnitXMLReporter -->
<testsuite ignored="0" hostname="DESKTOP-AG4P164" failures="0" tests="2" name="Test" time="143.86" errors="0" timestamp="2026-06-26T12:40:10 BST">
  <testcase classname="selenium.testng.maven.SeleniumProgransInMavenProject.TC1_LoginToAmazon" name="validCredentials" time="45.271"/>
  <testcase classname="selenium.testng.maven.SeleniumProgransInMavenProject.TC2_LoginToAmazonAndLogout" name="loginAndLogOut" time="70.598"/>
</testsuite> <!-- Test -->
