<?xml version="1.0" encoding="UTF-8"?>
<!-- Generated by org.testng.reporters.JUnitReportReporter -->
<testsuite hostname="DESKTOP-AG4P164" failures="0" tests="1" name="selenium.testng.maven.SeleniumProgransInMavenProject.TC2_LoginToAmazonAndLogout" time="82.253" errors="0" timestamp="2026-06-26T12:40:10 BST" skipped="0">
  <testcase classname="selenium.testng.maven.SeleniumProgransInMavenProject.TC2_LoginToAmazonAndLogout" name="loginAndLogOut" time="82.253"/>
  <system-out>
    <![CDATA[SignIn succesfull]]>
  </system-out>
</testsuite> <!-- selenium.testng.maven.SeleniumProgransInMavenProject.TC2_LoginToAmazonAndLogout -->
