<?xml version="1.0" encoding="UTF-8"?>
<!-- Generated by org.testng.reporters.JUnitReportReporter -->
<testsuite hostname="DESKTOP-AG4P164" failures="0" tests="1" name="selenium.testng.maven.SeleniumProgransInMavenProject.TestMaven" time="8.538" errors="0" timestamp="2026-06-23T12:22:19 BST" skipped="0">
  <testcase classname="selenium.testng.maven.SeleniumProgransInMavenProject.TestMaven" name="launch" time="8.538"/>
</testsuite> <!-- selenium.testng.maven.SeleniumProgransInMavenProject.TestMaven -->
